#
# A fatal error has been detected by the Java Runtime Environment:
#
#  EXCEPTION_ACCESS_VIOLATION (0xc0000005) at pc=0x00007ff8b395d22c, pid=1460, tid=29420
#
# JRE version: OpenJDK Runtime Environment Temurin-11.0.13+8 (11.0.13+8) (build 11.0.13+8)
# Java VM: OpenJDK 64-Bit Server VM Temurin-11.0.13+8 (11.0.13+8, mixed mode, tiered, compressed oops, g1 gc, windows-amd64)
# Problematic frame:
# V  [jvm.dll+0x32d22c]
#
# No core dump will be written. Minidumps are not enabled by default on client versions of Windows
#
# If you would like to submit a bug report, please visit:
#   https://github.com/adoptium/adoptium-support/issues
#

---------------  S U M M A R Y ------------

Command Line: -agentlib:jdwp=transport=dt_socket,suspend=y,address=localhost:55834 -javaagent:C:\Users\yumi1\Downloads\pleiades-2021-12-java-win-64bit-jre_20220106\pleiades\eclipse\configuration\org.eclipse.osgi\418\0\.cp\lib\javaagent-shaded.jar -Dfile.encoding=UTF-8 extend.Main

Host: Intel(R) Core(TM) i5-8200Y CPU @ 1.30GHz, 4 cores, 7G,  Windows 10 , 64 bit Build 22000 (10.0.22000.708)
Time: Fri Sep  9 22:13:36 2022 “Œ‹ž (•W€Žž) elapsed time: 7344.312014 seconds (0d 2h 2m 24s)

---------------  T H R E A D  ---------------

Current thread (0x000001b39f982000):  VMThread "VM Thread" [stack: 0x000000119b700000,0x000000119b800000] [id=29420]

Stack: [0x000000119b700000,0x000000119b800000],  sp=0x000000119b7fef60,  free space=1019k
Native frames: (J=compiled Java code, j=interpreted, Vv=VM code, C=native code)
V  [jvm.dll+0x32d22c]
V  [jvm.dll+0x32f2e2]
V  [jvm.dll+0x32fc6e]
V  [jvm.dll+0x32d4cc]
V  [jvm.dll+0x32c702]
V  [jvm.dll+0x60bc35]
V  [jvm.dll+0x60b9bd]
V  [jvm.dll+0x5d04f3]
V  [jvm.dll+0x4dd261]
V  [jvm.dll+0x7ac3fc]
V  [jvm.dll+0x7b0537]
V  [jvm.dll+0x7b0da9]
V  [jvm.dll+0x7b1137]
V  [jvm.dll+0x7649d4]
V  [jvm.dll+0x61bb16]
C  [ucrtbase.dll+0x26c0c]
C  [KERNEL32.DLL+0x154e0]
C  [ntdll.dll+0x485b]


siginfo: EXCEPTION_ACCESS_VIOLATION (0xc0000005), reading address 0x0000000000000006


Register to memory mapping:

RIP=0x00007ff8b395d22c jvm.dll
RAX=0x0 is NULL
RBX=0x000000119b7ff220 points into unknown readable memory: 0x00007ff8b3f290c8 | c8 90 f2 b3 f8 7f 00 00
RCX=0x0 is NULL
RDX=0x0 is NULL
RSP=0x000000119b7fef60 points into unknown readable memory: 0x000000119b7ff060 | 60 f0 7f 9b 11 00 00 00
RBP=0x0000000000000001 is an unknown value
RSI=0x0000000000000001 is an unknown value
RDI=0x00007ff8b40d7b88 jvm.dll
R8 =0x0 is NULL
R9 =0x000001b3a1138338 is pointing into metadata
R10=0x00000001000cab30 is a pointer to class: 
extend.Main {0x00000001000cab38}
R11=0x000001b39f93c990 points into unknown readable memory: 0x4700000147000000 | 00 00 00 47 01 00 00 47
R12=0x000001b39f93c8e8 points into unknown readable memory: 0x000001218a025a00 | 00 5a 02 8a 21 01 00 00
R13=0x00000000000000c8 is an unknown value
R14=0x000001b3a1138b46 is pointing into metadata
R15=0x0000000000000164 is an unknown value


Registers:
RAX=0x0000000000000000, RBX=0x000000119b7ff220, RCX=0x0000000000000000, RDX=0x0000000000000000
RSP=0x000000119b7fef60, RBP=0x0000000000000001, RSI=0x0000000000000001, RDI=0x00007ff8b40d7b88
R8 =0x0000000000000000, R9 =0x000001b3a1138338, R10=0x00000001000cab30, R11=0x000001b39f93c990
R12=0x000001b39f93c8e8, R13=0x00000000000000c8, R14=0x000001b3a1138b46, R15=0x0000000000000164
RIP=0x00007ff8b395d22c, EFLAGS=0x0000000000010206

Top of Stack: (sp=0x000000119b7fef60)
0x000000119b7fef60:   000000119b7ff060 00007ff8b37547fe
0x000000119b7fef70:   000000119b7ff220 00007ff8b3960303
0x000000119b7fef80:   0000000000000000 0000000000000170
0x000000119b7fef90:   000000119b7ff220 00007ff8b395da83
0x000000119b7fefa0:   000097a92248b13a 000097a92248b12a
0x000000119b7fefb0:   000001b3a1138b46 000000119b7ff080
0x000000119b7fefc0:   000000119b7ff220 00007ff8b395f2e2
0x000000119b7fefd0:   00000000000000a7 0000000000000121
0x000000119b7fefe0:   0000000000000001 00007ff8b3960b90
0x000000119b7feff0:   0000000000000121 00007ff8b37547fe
0x000000119b7ff000:   000000119b7ff080 6666666666666667
0x000000119b7ff010:   0000000000000000 000001b3a1138b46
0x000000119b7ff020:   6666666666666667 00007ff8b3960ee6
0x000000119b7ff030:   0000000000000164 000001b3a1138b46
0x000000119b7ff040:   000000119b7ff0b0 00000000000000a7
0x000000119b7ff050:   6666666666666667 00007ff8b395fc6e 

Instructions: (pc=0x00007ff8b395d22c)
0x00007ff8b395d12c:   81 8b 75 58 41 81 e0 ff ff ff 00 41 81 c8 00 00
0x00007ff8b395d13c:   00 47 48 8b cd 45 89 06 c7 45 58 01 00 00 00 e8
0x00007ff8b395d14c:   60 3a 00 00 66 83 7c 24 68 00 41 89 1e 89 75 58
0x00007ff8b395d15c:   74 40 8b 4c 24 70 49 ff c7 0f b7 c1 48 83 c7 08
0x00007ff8b395d16c:   4c 3b f8 0f 8c 4b ff ff ff 83 7d 5c 00 74 23 48
0x00007ff8b395d17c:   83 3d 0d ab 77 00 00 74 15 80 7d 42 00 74 0f 48
0x00007ff8b395d18c:   8d 15 36 d1 58 00 48 8b cd e8 e6 45 00 00 c6 45
0x00007ff8b395d19c:   42 00 4c 8b 74 24 28 4c 8b 6c 24 30 4c 8b 64 24
0x00007ff8b395d1ac:   38 48 8b 7c 24 40 48 8b 74 24 48 48 8b 5c 24 60
0x00007ff8b395d1bc:   4c 8b 7c 24 20 48 83 c4 50 5d c3 cc cc cc cc cc
0x00007ff8b395d1cc:   cc cc cc cc 48 89 5c 24 10 48 89 6c 24 18 56 57
0x00007ff8b395d1dc:   41 56 48 83 ec 50 48 8b 05 df 7d 74 00 48 33 c4
0x00007ff8b395d1ec:   48 89 44 24 40 48 8b 41 08 48 8b d9 41 8b e8 8b
0x00007ff8b395d1fc:   f2 45 33 c0 41 8b d1 48 8b 48 08 48 8b 79 08 48
0x00007ff8b395d20c:   8b cf e8 8d b3 f1 ff 8b d0 48 8b cf e8 e3 e1 f1
0x00007ff8b395d21c:   ff 48 63 c8 48 8b 44 cf 40 48 8d 3d 5c a9 77 00
0x00007ff8b395d22c:   0f b6 48 06 8b 05 4e a9 77 00 80 f9 4c 74 2b 80
0x00007ff8b395d23c:   f9 5b 74 26 80 f9 4a 74 18 80 f9 44 74 13 80 f9
0x00007ff8b395d24c:   56 48 8d 15 44 a9 77 00 4c 8b d7 4c 0f 45 d2 eb
0x00007ff8b395d25c:   29 4c 8d 15 64 a9 77 00 eb 20 8b 8c 24 90 00 00
0x00007ff8b395d26c:   00 4c 8d 54 24 30 81 e1 ff ff ff 00 89 44 24 34
0x00007ff8b395d27c:   81 c9 00 00 00 46 89 4c 24 30 45 33 c0 85 f6 74
0x00007ff8b395d28c:   05 49 8b fa eb 2a 41 8b 0a 85 c9 74 23 49 8b d0
0x00007ff8b395d29c:   4d 8b c8 90 42 89 4c 0c 20 48 8d 52 01 4c 8d 0c
0x00007ff8b395d2ac:   95 00 00 00 00 41 ff c0 43 8b 0c 11 85 c9 75 e4
0x00007ff8b395d2bc:   85 ed 75 10 8b 0d 86 24 71 00 49 63 d0 41 ff c0
0x00007ff8b395d2cc:   89 4c 94 20 49 63 c8 4c 8d 74 24 20 89 44 8c 20
0x00007ff8b395d2dc:   8b 74 24 20 85 f6 74 4c 48 63 53 58 85 d2 7f 18
0x00007ff8b395d2ec:   48 8d 15 d5 d8 54 00 48 8b cb e8 85 4f 00 00 44
0x00007ff8b395d2fc:   8b 05 8e a8 77 00 eb 16 48 63 4b 20 8d 42 ff 89
0x00007ff8b395d30c:   43 58 48 03 ca 48 8b 43 48 44 8b 44 88 fc 8b d6
0x00007ff8b395d31c:   48 8b cb e8 1c f1 ff ff 41 8b 76 04 49 83 c6 04 


Stack slot to memory mapping:
stack at sp + 0 slots: 0x000000119b7ff060 points into unknown readable memory: 0x000000119b7ff0b0 | b0 f0 7f 9b 11 00 00 00
stack at sp + 1 slots: 0x00007ff8b37547fe jvm.dll
stack at sp + 2 slots: 0x000000119b7ff220 points into unknown readable memory: 0x00007ff8b3f290c8 | c8 90 f2 b3 f8 7f 00 00
stack at sp + 3 slots: 0x00007ff8b3960303 jvm.dll
stack at sp + 4 slots: 0x0 is NULL
stack at sp + 5 slots: 0x0000000000000170 is an unknown value
stack at sp + 6 slots: 0x000000119b7ff220 points into unknown readable memory: 0x00007ff8b3f290c8 | c8 90 f2 b3 f8 7f 00 00
stack at sp + 7 slots: 0x00007ff8b395da83 jvm.dll

VM_Operation (0x000000119c2ff080): GetOrSetLocal, mode: safepoint, requested by thread 0x000001b3a0548800


---------------  P R O C E S S  ---------------

Threads class SMR info:
_java_thread_list=0x000001b3a0523f80, length=13, elements={
0x000001b3ff30b800, 0x000001b39f9a6000, 0x000001b39f9af000, 0x000001b3a0232800,
0x000001b3a0233800, 0x000001b39f9dd800, 0x000001b39f9e3000, 0x000001b39f9e4000,
0x000001b39f9e7000, 0x000001b3a03a0000, 0x000001b3a0548800, 0x000001b3a054d800,
0x000001b3a054e800
}

Java Threads: ( => current thread )
  0x000001b3ff30b800 JavaThread "main" [_thread_blocked, id=16944, stack(0x000000119b100000,0x000000119b200000)]
  0x000001b39f9a6000 JavaThread "Reference Handler" daemon [_thread_blocked, id=27440, stack(0x000000119b800000,0x000000119b900000)]
  0x000001b39f9af000 JavaThread "Finalizer" daemon [_thread_blocked, id=32240, stack(0x000000119b900000,0x000000119ba00000)]
  0x000001b3a0232800 JavaThread "Signal Dispatcher" daemon [_thread_blocked, id=20444, stack(0x000000119ba00000,0x000000119bb00000)]
  0x000001b3a0233800 JavaThread "Attach Listener" daemon [_thread_blocked, id=30164, stack(0x000000119bb00000,0x000000119bc00000)]
  0x000001b39f9dd800 JavaThread "Service Thread" daemon [_thread_blocked, id=15592, stack(0x000000119bc00000,0x000000119bd00000)]
  0x000001b39f9e3000 JavaThread "C2 CompilerThread0" daemon [_thread_blocked, id=29780, stack(0x000000119bd00000,0x000000119be00000)]
  0x000001b39f9e4000 JavaThread "C1 CompilerThread0" daemon [_thread_blocked, id=3680, stack(0x000000119be00000,0x000000119bf00000)]
  0x000001b39f9e7000 JavaThread "Sweeper thread" daemon [_thread_blocked, id=17516, stack(0x000000119bf00000,0x000000119c000000)]
  0x000001b3a03a0000 JavaThread "Common-Cleaner" daemon [_thread_blocked, id=27820, stack(0x000000119c000000,0x000000119c100000)]
  0x000001b3a0548800 JavaThread "JDWP Transport Listener: dt_socket" daemon [_thread_blocked, id=3560, stack(0x000000119c200000,0x000000119c300000)] _threads_hazard_ptr=0x000001b3a0523f80
  0x000001b3a054d800 JavaThread "JDWP Event Helper Thread" daemon [_thread_blocked, id=32408, stack(0x000000119c300000,0x000000119c400000)]
  0x000001b3a054e800 JavaThread "JDWP Command Reader" daemon [_thread_in_native, id=16680, stack(0x000000119c400000,0x000000119c500000)]

Other Threads:
=>0x000001b39f982000 VMThread "VM Thread" [stack: 0x000000119b700000,0x000000119b800000] [id=29420]
  0x000001b3a0507800 WatcherThread [stack: 0x000000119c100000,0x000000119c200000] [id=20032]
  0x000001b3ff324800 GCTaskThread "GC Thread#0" [stack: 0x000000119b200000,0x000000119b300000] [id=30224]
  0x000001b3ff359000 ConcurrentGCThread "G1 Main Marker" [stack: 0x000000119b300000,0x000000119b400000] [id=22224]
  0x000001b3ff35b000 ConcurrentGCThread "G1 Conc#0" [stack: 0x000000119b400000,0x000000119b500000] [id=27448]
  0x000001b3ff3ed800 ConcurrentGCThread "G1 Refine#0" [stack: 0x000000119b500000,0x000000119b600000] [id=12788]
  0x000001b39f7f2800 ConcurrentGCThread "G1 Young RemSet Sampling" [stack: 0x000000119b600000,0x000000119b700000] [id=32356]

Threads with active compile tasks:

VM state:at safepoint (normal execution)

VM Mutex/Monitor currently owned by a thread:  ([mutex/lock_event])
[0x000001b3ff306f30] Threads_lock - owner thread: 0x000001b39f982000

Heap address: 0x0000000083000000, size: 2000 MB, Compressed Oops mode: 32-bit
Narrow klass base: 0x0000000000000000, Narrow klass shift: 3
Compressed class space size: 1073741824 Address: 0x0000000100000000

Heap:
 garbage-first heap   total 129024K, used 6144K [0x0000000083000000, 0x0000000100000000)
  region size 1024K, 7 young (7168K), 0 survivors (0K)
 Metaspace       used 9649K, capacity 9774K, committed 9856K, reserved 1058816K
  class space    used 838K, capacity 874K, committed 896K, reserved 1048576K
Heap Regions: E=young(eden), S=young(survivor), O=old, HS=humongous(starts), HC=humongous(continues), CS=collection set, F=free, A=archive, TAMS=top-at-mark-start (previous, next)
|   0|0x0000000083000000, 0x0000000083000000, 0x0000000083100000|  0%| F|  |TAMS 0x0000000083000000, 0x0000000083000000| Untracked 
|   1|0x0000000083100000, 0x0000000083100000, 0x0000000083200000|  0%| F|  |TAMS 0x0000000083100000, 0x0000000083100000| Untracked 
|   2|0x0000000083200000, 0x0000000083200000, 0x0000000083300000|  0%| F|  |TAMS 0x0000000083200000, 0x0000000083200000| Untracked 
|   3|0x0000000083300000, 0x0000000083300000, 0x0000000083400000|  0%| F|  |TAMS 0x0000000083300000, 0x0000000083300000| Untracked 
|   4|0x0000000083400000, 0x0000000083400000, 0x0000000083500000|  0%| F|  |TAMS 0x0000000083400000, 0x0000000083400000| Untracked 
|   5|0x0000000083500000, 0x0000000083500000, 0x0000000083600000|  0%| F|  |TAMS 0x0000000083500000, 0x0000000083500000| Untracked 
|   6|0x0000000083600000, 0x0000000083600000, 0x0000000083700000|  0%| F|  |TAMS 0x0000000083600000, 0x0000000083600000| Untracked 
|   7|0x0000000083700000, 0x0000000083700000, 0x0000000083800000|  0%| F|  |TAMS 0x0000000083700000, 0x0000000083700000| Untracked 
|   8|0x0000000083800000, 0x0000000083800000, 0x0000000083900000|  0%| F|  |TAMS 0x0000000083800000, 0x0000000083800000| Untracked 
|   9|0x0000000083900000, 0x0000000083900000, 0x0000000083a00000|  0%| F|  |TAMS 0x0000000083900000, 0x0000000083900000| Untracked 
|  10|0x0000000083a00000, 0x0000000083a00000, 0x0000000083b00000|  0%| F|  |TAMS 0x0000000083a00000, 0x0000000083a00000| Untracked 
|  11|0x0000000083b00000, 0x0000000083b00000, 0x0000000083c00000|  0%| F|  |TAMS 0x0000000083b00000, 0x0000000083b00000| Untracked 
|  12|0x0000000083c00000, 0x0000000083c00000, 0x0000000083d00000|  0%| F|  |TAMS 0x0000000083c00000, 0x0000000083c00000| Untracked 
|  13|0x0000000083d00000, 0x0000000083d00000, 0x0000000083e00000|  0%| F|  |TAMS 0x0000000083d00000, 0x0000000083d00000| Untracked 
|  14|0x0000000083e00000, 0x0000000083e00000, 0x0000000083f00000|  0%| F|  |TAMS 0x0000000083e00000, 0x0000000083e00000| Untracked 
|  15|0x0000000083f00000, 0x0000000083f00000, 0x0000000084000000|  0%| F|  |TAMS 0x0000000083f00000, 0x0000000083f00000| Untracked 
|  16|0x0000000084000000, 0x0000000084000000, 0x0000000084100000|  0%| F|  |TAMS 0x0000000084000000, 0x0000000084000000| Untracked 
|  17|0x0000000084100000, 0x0000000084100000, 0x0000000084200000|  0%| F|  |TAMS 0x0000000084100000, 0x0000000084100000| Untracked 
|  18|0x0000000084200000, 0x0000000084200000, 0x0000000084300000|  0%| F|  |TAMS 0x0000000084200000, 0x0000000084200000| Untracked 
|  19|0x0000000084300000, 0x0000000084300000, 0x0000000084400000|  0%| F|  |TAMS 0x0000000084300000, 0x0000000084300000| Untracked 
|  20|0x0000000084400000, 0x0000000084400000, 0x0000000084500000|  0%| F|  |TAMS 0x0000000084400000, 0x0000000084400000| Untracked 
|  21|0x0000000084500000, 0x0000000084500000, 0x0000000084600000|  0%| F|  |TAMS 0x0000000084500000, 0x0000000084500000| Untracked 
|  22|0x0000000084600000, 0x0000000084600000, 0x0000000084700000|  0%| F|  |TAMS 0x0000000084600000, 0x0000000084600000| Untracked 
|  23|0x0000000084700000, 0x0000000084700000, 0x0000000084800000|  0%| F|  |TAMS 0x0000000084700000, 0x0000000084700000| Untracked 
|  24|0x0000000084800000, 0x0000000084800000, 0x0000000084900000|  0%| F|  |TAMS 0x0000000084800000, 0x0000000084800000| Untracked 
|  25|0x0000000084900000, 0x0000000084900000, 0x0000000084a00000|  0%| F|  |TAMS 0x0000000084900000, 0x0000000084900000| Untracked 
|  26|0x0000000084a00000, 0x0000000084a00000, 0x0000000084b00000|  0%| F|  |TAMS 0x0000000084a00000, 0x0000000084a00000| Untracked 
|  27|0x0000000084b00000, 0x0000000084b00000, 0x0000000084c00000|  0%| F|  |TAMS 0x0000000084b00000, 0x0000000084b00000| Untracked 
|  28|0x0000000084c00000, 0x0000000084c00000, 0x0000000084d00000|  0%| F|  |TAMS 0x0000000084c00000, 0x0000000084c00000| Untracked 
|  29|0x0000000084d00000, 0x0000000084d00000, 0x0000000084e00000|  0%| F|  |TAMS 0x0000000084d00000, 0x0000000084d00000| Untracked 
|  30|0x0000000084e00000, 0x0000000084e00000, 0x0000000084f00000|  0%| F|  |TAMS 0x0000000084e00000, 0x0000000084e00000| Untracked 
|  31|0x0000000084f00000, 0x0000000084f00000, 0x0000000085000000|  0%| F|  |TAMS 0x0000000084f00000, 0x0000000084f00000| Untracked 
|  32|0x0000000085000000, 0x0000000085000000, 0x0000000085100000|  0%| F|  |TAMS 0x0000000085000000, 0x0000000085000000| Untracked 
|  33|0x0000000085100000, 0x0000000085100000, 0x0000000085200000|  0%| F|  |TAMS 0x0000000085100000, 0x0000000085100000| Untracked 
|  34|0x0000000085200000, 0x0000000085200000, 0x0000000085300000|  0%| F|  |TAMS 0x0000000085200000, 0x0000000085200000| Untracked 
|  35|0x0000000085300000, 0x0000000085300000, 0x0000000085400000|  0%| F|  |TAMS 0x0000000085300000, 0x0000000085300000| Untracked 
|  36|0x0000000085400000, 0x0000000085400000, 0x0000000085500000|  0%| F|  |TAMS 0x0000000085400000, 0x0000000085400000| Untracked 
|  37|0x0000000085500000, 0x0000000085500000, 0x0000000085600000|  0%| F|  |TAMS 0x0000000085500000, 0x0000000085500000| Untracked 
|  38|0x0000000085600000, 0x0000000085600000, 0x0000000085700000|  0%| F|  |TAMS 0x0000000085600000, 0x0000000085600000| Untracked 
|  39|0x0000000085700000, 0x0000000085700000, 0x0000000085800000|  0%| F|  |TAMS 0x0000000085700000, 0x0000000085700000| Untracked 
|  40|0x0000000085800000, 0x0000000085800000, 0x0000000085900000|  0%| F|  |TAMS 0x0000000085800000, 0x0000000085800000| Untracked 
|  41|0x0000000085900000, 0x0000000085900000, 0x0000000085a00000|  0%| F|  |TAMS 0x0000000085900000, 0x0000000085900000| Untracked 
|  42|0x0000000085a00000, 0x0000000085a00000, 0x0000000085b00000|  0%| F|  |TAMS 0x0000000085a00000, 0x0000000085a00000| Untracked 
|  43|0x0000000085b00000, 0x0000000085b00000, 0x0000000085c00000|  0%| F|  |TAMS 0x0000000085b00000, 0x0000000085b00000| Untracked 
|  44|0x0000000085c00000, 0x0000000085c00000, 0x0000000085d00000|  0%| F|  |TAMS 0x0000000085c00000, 0x0000000085c00000| Untracked 
|  45|0x0000000085d00000, 0x0000000085d00000, 0x0000000085e00000|  0%| F|  |TAMS 0x0000000085d00000, 0x0000000085d00000| Untracked 
|  46|0x0000000085e00000, 0x0000000085e00000, 0x0000000085f00000|  0%| F|  |TAMS 0x0000000085e00000, 0x0000000085e00000| Untracked 
|  47|0x0000000085f00000, 0x0000000085f00000, 0x0000000086000000|  0%| F|  |TAMS 0x0000000085f00000, 0x0000000085f00000| Untracked 
|  48|0x0000000086000000, 0x0000000086000000, 0x0000000086100000|  0%| F|  |TAMS 0x0000000086000000, 0x0000000086000000| Untracked 
|  49|0x0000000086100000, 0x0000000086100000, 0x0000000086200000|  0%| F|  |TAMS 0x0000000086100000, 0x0000000086100000| Untracked 
|  50|0x0000000086200000, 0x0000000086200000, 0x0000000086300000|  0%| F|  |TAMS 0x0000000086200000, 0x0000000086200000| Untracked 
|  51|0x0000000086300000, 0x0000000086300000, 0x0000000086400000|  0%| F|  |TAMS 0x0000000086300000, 0x0000000086300000| Untracked 
|  52|0x0000000086400000, 0x0000000086400000, 0x0000000086500000|  0%| F|  |TAMS 0x0000000086400000, 0x0000000086400000| Untracked 
|  53|0x0000000086500000, 0x0000000086500000, 0x0000000086600000|  0%| F|  |TAMS 0x0000000086500000, 0x0000000086500000| Untracked 
|  54|0x0000000086600000, 0x0000000086600000, 0x0000000086700000|  0%| F|  |TAMS 0x0000000086600000, 0x0000000086600000| Untracked 
|  55|0x0000000086700000, 0x0000000086700000, 0x0000000086800000|  0%| F|  |TAMS 0x0000000086700000, 0x0000000086700000| Untracked 
|  56|0x0000000086800000, 0x0000000086800000, 0x0000000086900000|  0%| F|  |TAMS 0x0000000086800000, 0x0000000086800000| Untracked 
|  57|0x0000000086900000, 0x0000000086900000, 0x0000000086a00000|  0%| F|  |TAMS 0x0000000086900000, 0x0000000086900000| Untracked 
|  58|0x0000000086a00000, 0x0000000086a00000, 0x0000000086b00000|  0%| F|  |TAMS 0x0000000086a00000, 0x0000000086a00000| Untracked 
|  59|0x0000000086b00000, 0x0000000086b00000, 0x0000000086c00000|  0%| F|  |TAMS 0x0000000086b00000, 0x0000000086b00000| Untracked 
|  60|0x0000000086c00000, 0x0000000086c00000, 0x0000000086d00000|  0%| F|  |TAMS 0x0000000086c00000, 0x0000000086c00000| Untracked 
|  61|0x0000000086d00000, 0x0000000086d00000, 0x0000000086e00000|  0%| F|  |TAMS 0x0000000086d00000, 0x0000000086d00000| Untracked 
|  62|0x0000000086e00000, 0x0000000086e00000, 0x0000000086f00000|  0%| F|  |TAMS 0x0000000086e00000, 0x0000000086e00000| Untracked 
|  63|0x0000000086f00000, 0x0000000086f00000, 0x0000000087000000|  0%| F|  |TAMS 0x0000000086f00000, 0x0000000086f00000| Untracked 
|  64|0x0000000087000000, 0x0000000087000000, 0x0000000087100000|  0%| F|  |TAMS 0x0000000087000000, 0x0000000087000000| Untracked 
|  65|0x0000000087100000, 0x0000000087100000, 0x0000000087200000|  0%| F|  |TAMS 0x0000000087100000, 0x0000000087100000| Untracked 
|  66|0x0000000087200000, 0x0000000087200000, 0x0000000087300000|  0%| F|  |TAMS 0x0000000087200000, 0x0000000087200000| Untracked 
|  67|0x0000000087300000, 0x0000000087300000, 0x0000000087400000|  0%| F|  |TAMS 0x0000000087300000, 0x0000000087300000| Untracked 
|  68|0x0000000087400000, 0x0000000087400000, 0x0000000087500000|  0%| F|  |TAMS 0x0000000087400000, 0x0000000087400000| Untracked 
|  69|0x0000000087500000, 0x0000000087500000, 0x0000000087600000|  0%| F|  |TAMS 0x0000000087500000, 0x0000000087500000| Untracked 
|  70|0x0000000087600000, 0x0000000087600000, 0x0000000087700000|  0%| F|  |TAMS 0x0000000087600000, 0x0000000087600000| Untracked 
|  71|0x0000000087700000, 0x0000000087700000, 0x0000000087800000|  0%| F|  |TAMS 0x0000000087700000, 0x0000000087700000| Untracked 
|  72|0x0000000087800000, 0x0000000087800000, 0x0000000087900000|  0%| F|  |TAMS 0x0000000087800000, 0x0000000087800000| Untracked 
|  73|0x0000000087900000, 0x0000000087900000, 0x0000000087a00000|  0%| F|  |TAMS 0x0000000087900000, 0x0000000087900000| Untracked 
|  74|0x0000000087a00000, 0x0000000087a00000, 0x0000000087b00000|  0%| F|  |TAMS 0x0000000087a00000, 0x0000000087a00000| Untracked 
|  75|0x0000000087b00000, 0x0000000087b00000, 0x0000000087c00000|  0%| F|  |TAMS 0x0000000087b00000, 0x0000000087b00000| Untracked 
|  76|0x0000000087c00000, 0x0000000087c00000, 0x0000000087d00000|  0%| F|  |TAMS 0x0000000087c00000, 0x0000000087c00000| Untracked 
|  77|0x0000000087d00000, 0x0000000087d00000, 0x0000000087e00000|  0%| F|  |TAMS 0x0000000087d00000, 0x0000000087d00000| Untracked 
|  78|0x0000000087e00000, 0x0000000087e00000, 0x0000000087f00000|  0%| F|  |TAMS 0x0000000087e00000, 0x0000000087e00000| Untracked 
|  79|0x0000000087f00000, 0x0000000087f00000, 0x0000000088000000|  0%| F|  |TAMS 0x0000000087f00000, 0x0000000087f00000| Untracked 
|  80|0x0000000088000000, 0x0000000088000000, 0x0000000088100000|  0%| F|  |TAMS 0x0000000088000000, 0x0000000088000000| Untracked 
|  81|0x0000000088100000, 0x0000000088100000, 0x0000000088200000|  0%| F|  |TAMS 0x0000000088100000, 0x0000000088100000| Untracked 
|  82|0x0000000088200000, 0x0000000088200000, 0x0000000088300000|  0%| F|  |TAMS 0x0000000088200000, 0x0000000088200000| Untracked 
|  83|0x0000000088300000, 0x0000000088300000, 0x0000000088400000|  0%| F|  |TAMS 0x0000000088300000, 0x0000000088300000| Untracked 
|  84|0x0000000088400000, 0x0000000088400000, 0x0000000088500000|  0%| F|  |TAMS 0x0000000088400000, 0x0000000088400000| Untracked 
|  85|0x0000000088500000, 0x0000000088500000, 0x0000000088600000|  0%| F|  |TAMS 0x0000000088500000, 0x0000000088500000| Untracked 
|  86|0x0000000088600000, 0x0000000088600000, 0x0000000088700000|  0%| F|  |TAMS 0x0000000088600000, 0x0000000088600000| Untracked 
|  87|0x0000000088700000, 0x0000000088700000, 0x0000000088800000|  0%| F|  |TAMS 0x0000000088700000, 0x0000000088700000| Untracked 
|  88|0x0000000088800000, 0x0000000088800000, 0x0000000088900000|  0%| F|  |TAMS 0x0000000088800000, 0x0000000088800000| Untracked 
|  89|0x0000000088900000, 0x0000000088900000, 0x0000000088a00000|  0%| F|  |TAMS 0x0000000088900000, 0x0000000088900000| Untracked 
|  90|0x0000000088a00000, 0x0000000088a00000, 0x0000000088b00000|  0%| F|  |TAMS 0x0000000088a00000, 0x0000000088a00000| Untracked 
|  91|0x0000000088b00000, 0x0000000088b00000, 0x0000000088c00000|  0%| F|  |TAMS 0x0000000088b00000, 0x0000000088b00000| Untracked 
|  92|0x0000000088c00000, 0x0000000088c00000, 0x0000000088d00000|  0%| F|  |TAMS 0x0000000088c00000, 0x0000000088c00000| Untracked 
|  93|0x0000000088d00000, 0x0000000088d00000, 0x0000000088e00000|  0%| F|  |TAMS 0x0000000088d00000, 0x0000000088d00000| Untracked 
|  94|0x0000000088e00000, 0x0000000088e00000, 0x0000000088f00000|  0%| F|  |TAMS 0x0000000088e00000, 0x0000000088e00000| Untracked 
|  95|0x0000000088f00000, 0x0000000088f00000, 0x0000000089000000|  0%| F|  |TAMS 0x0000000088f00000, 0x0000000088f00000| Untracked 
|  96|0x0000000089000000, 0x0000000089000000, 0x0000000089100000|  0%| F|  |TAMS 0x0000000089000000, 0x0000000089000000| Untracked 
|  97|0x0000000089100000, 0x0000000089100000, 0x0000000089200000|  0%| F|  |TAMS 0x0000000089100000, 0x0000000089100000| Untracked 
|  98|0x0000000089200000, 0x0000000089200000, 0x0000000089300000|  0%| F|  |TAMS 0x0000000089200000, 0x0000000089200000| Untracked 
|  99|0x0000000089300000, 0x0000000089300000, 0x0000000089400000|  0%| F|  |TAMS 0x0000000089300000, 0x0000000089300000| Untracked 
| 100|0x0000000089400000, 0x0000000089400000, 0x0000000089500000|  0%| F|  |TAMS 0x0000000089400000, 0x0000000089400000| Untracked 
| 101|0x0000000089500000, 0x0000000089500000, 0x0000000089600000|  0%| F|  |TAMS 0x0000000089500000, 0x0000000089500000| Untracked 
| 102|0x0000000089600000, 0x0000000089600000, 0x0000000089700000|  0%| F|  |TAMS 0x0000000089600000, 0x0000000089600000| Untracked 
| 103|0x0000000089700000, 0x0000000089700000, 0x0000000089800000|  0%| F|  |TAMS 0x0000000089700000, 0x0000000089700000| Untracked 
| 104|0x0000000089800000, 0x0000000089800000, 0x0000000089900000|  0%| F|  |TAMS 0x0000000089800000, 0x0000000089800000| Untracked 
| 105|0x0000000089900000, 0x0000000089900000, 0x0000000089a00000|  0%| F|  |TAMS 0x0000000089900000, 0x0000000089900000| Untracked 
| 106|0x0000000089a00000, 0x0000000089a00000, 0x0000000089b00000|  0%| F|  |TAMS 0x0000000089a00000, 0x0000000089a00000| Untracked 
| 107|0x0000000089b00000, 0x0000000089b00000, 0x0000000089c00000|  0%| F|  |TAMS 0x0000000089b00000, 0x0000000089b00000| Untracked 
| 108|0x0000000089c00000, 0x0000000089c00000, 0x0000000089d00000|  0%| F|  |TAMS 0x0000000089c00000, 0x0000000089c00000| Untracked 
| 109|0x0000000089d00000, 0x0000000089d00000, 0x0000000089e00000|  0%| F|  |TAMS 0x0000000089d00000, 0x0000000089d00000| Untracked 
| 110|0x0000000089e00000, 0x0000000089e00000, 0x0000000089f00000|  0%| F|  |TAMS 0x0000000089e00000, 0x0000000089e00000| Untracked 
| 111|0x0000000089f00000, 0x0000000089f00000, 0x000000008a000000|  0%| F|  |TAMS 0x0000000089f00000, 0x0000000089f00000| Untracked 
| 112|0x000000008a000000, 0x000000008a000000, 0x000000008a100000|  0%| F|  |TAMS 0x000000008a000000, 0x000000008a000000| Untracked 
| 113|0x000000008a100000, 0x000000008a100000, 0x000000008a200000|  0%| F|  |TAMS 0x000000008a100000, 0x000000008a100000| Untracked 
| 114|0x000000008a200000, 0x000000008a200000, 0x000000008a300000|  0%| F|  |TAMS 0x000000008a200000, 0x000000008a200000| Untracked 
| 115|0x000000008a300000, 0x000000008a300000, 0x000000008a400000|  0%| F|  |TAMS 0x000000008a300000, 0x000000008a300000| Untracked 
| 116|0x000000008a400000, 0x000000008a400000, 0x000000008a500000|  0%| F|  |TAMS 0x000000008a400000, 0x000000008a400000| Untracked 
| 117|0x000000008a500000, 0x000000008a500000, 0x000000008a600000|  0%| F|  |TAMS 0x000000008a500000, 0x000000008a500000| Untracked 
| 118|0x000000008a600000, 0x000000008a600000, 0x000000008a700000|  0%| F|  |TAMS 0x000000008a600000, 0x000000008a600000| Untracked 
| 119|0x000000008a700000, 0x000000008a79ae48, 0x000000008a800000| 60%| E|  |TAMS 0x000000008a700000, 0x000000008a700000| Complete 
| 120|0x000000008a800000, 0x000000008a900000, 0x000000008a900000|100%| E|CS|TAMS 0x000000008a800000, 0x000000008a800000| Complete 
| 121|0x000000008a900000, 0x000000008aa00000, 0x000000008aa00000|100%| E|CS|TAMS 0x000000008a900000, 0x000000008a900000| Complete 
| 122|0x000000008aa00000, 0x000000008ab00000, 0x000000008ab00000|100%| E|CS|TAMS 0x000000008aa00000, 0x000000008aa00000| Complete 
| 123|0x000000008ab00000, 0x000000008ac00000, 0x000000008ac00000|100%| E|CS|TAMS 0x000000008ab00000, 0x000000008ab00000| Complete 
| 124|0x000000008ac00000, 0x000000008ad00000, 0x000000008ad00000|100%| E|CS|TAMS 0x000000008ac00000, 0x000000008ac00000| Complete 
| 125|0x000000008ad00000, 0x000000008ae00000, 0x000000008ae00000|100%| E|CS|TAMS 0x000000008ad00000, 0x000000008ad00000| Complete 

Card table byte_map: [0x000001b398e50000,0x000001b399240000] _byte_map_base: 0x000001b398a38000

Marking Bits (Prev, Next): (CMBitMap*) 0x000001b3ff350658, (CMBitMap*) 0x000001b3ff350690
 Prev Bits: [0x000001b399630000, 0x000001b39b570000)
 Next Bits: [0x000001b39b570000, 0x000001b39d4b0000)

Polling page: 0x000001b3ff3f0000

Metaspace:

Usage:
  Non-class:      8.69 MB capacity,     8.60 MB ( 99%) used,    81.41 KB ( <1%) free+waste,     7.81 KB ( <1%) overhead. 
      Class:    874.00 KB capacity,   838.76 KB ( 96%) used,    32.24 KB (  4%) free+waste,     3.00 KB ( <1%) overhead. 
       Both:      9.54 MB capacity,     9.42 MB ( 99%) used,   113.65 KB (  1%) free+waste,    10.81 KB ( <1%) overhead. 

Virtual space:
  Non-class space:       10.00 MB reserved,       8.75 MB ( 88%) committed 
      Class space:        1.00 GB reserved,     896.00 KB ( <1%) committed 
             Both:        1.01 GB reserved,       9.63 MB ( <1%) committed 

Chunk freelists:
   Non-Class:  60.00 KB
       Class:  22.00 KB
        Both:  82.00 KB

MaxMetaspaceSize: 17179869184.00 GB
CompressedClassSpaceSize: 1.00 GB
Initial GC threshold: 20.80 MB
Current GC threshold: 20.80 MB
CDS: off

CodeHeap 'non-profiled nmethods': size=120064Kb used=157Kb max_used=157Kb free=119906Kb
 bounds [0x000001b391520000, 0x000001b391790000, 0x000001b398a60000]
CodeHeap 'profiled nmethods': size=120000Kb used=682Kb max_used=682Kb free=119317Kb
 bounds [0x000001b389ff0000, 0x000001b38a260000, 0x000001b391520000]
CodeHeap 'non-nmethods': size=5696Kb used=1196Kb max_used=1213Kb free=4499Kb
 bounds [0x000001b389a60000, 0x000001b389cd0000, 0x000001b389ff0000]
 total_blobs=845 nmethods=477 adapters=289
 compilation: enabled
              stopped_count=0, restarted_count=0
 full_count=0

Compilation events (20 events):
Event: 4.993 Thread 0x000001b39f9e3000  460       4       java.util.Arrays::copyOfRange (63 bytes)
Event: 4.995 Thread 0x000001b39f9e3000 nmethod 460 0x000001b391545010 code [0x000001b3915451c0, 0x000001b391545418]
Event: 7009.603 Thread 0x000001b39f9e3000  468       4       org.eclipse.jdt.launching.internal.org.objectweb.asm.ClassReader::getItem (7 bytes)
Event: 7009.605 Thread 0x000001b39f9e3000 nmethod 468 0x000001b391545590 code [0x000001b391545720, 0x000001b3915457d8]
Event: 7155.381 Thread 0x000001b39f9e4000  469       3       org.eclipse.jdt.launching.internal.org.objectweb.asm.ClassReader::readClass (7 bytes)
Event: 7155.381 Thread 0x000001b39f9e3000  471       4       org.eclipse.jdt.launching.internal.org.objectweb.asm.ClassReader::readUtf (161 bytes)
Event: 7155.384 Thread 0x000001b39f9e4000 nmethod 469 0x000001b38a097d90 code [0x000001b38a097f80, 0x000001b38a0983e8]
Event: 7155.384 Thread 0x000001b39f9e4000  470       3       org.eclipse.jdt.launching.internal.org.objectweb.asm.ClassReader::readStringish (16 bytes)
Event: 7155.385 Thread 0x000001b39f9e4000 nmethod 470 0x000001b38a098690 code [0x000001b38a098880, 0x000001b38a098c68]
Event: 7155.385 Thread 0x000001b39f9e4000  472       3       org.eclipse.jdt.launching.internal.org.objectweb.asm.SymbolTable::addConstantUtf8Reference (20 bytes)
Event: 7155.385 Thread 0x000001b39f9e4000 nmethod 472 0x000001b38a098e90 code [0x000001b38a099080, 0x000001b38a0993e8]
Event: 7155.407 Thread 0x000001b39f9e3000 nmethod 471 0x000001b391545890 code [0x000001b391545a60, 0x000001b3915466b8]
Event: 7324.606 Thread 0x000001b39f9e3000  474       4       java.lang.String::hashCode (49 bytes)
Event: 7324.606 Thread 0x000001b39f9e4000  475       3       org.eclipse.jdt.launching.internal.org.objectweb.asm.SymbolTable::addConstantMemberReference (29 bytes)
Event: 7324.610 Thread 0x000001b39f9e4000 nmethod 475 0x000001b38a099610 code [0x000001b38a099820, 0x000001b38a099c48]
Event: 7324.610 Thread 0x000001b39f9e4000  476       3       org.eclipse.jdt.launching.internal.org.objectweb.asm.SymbolTable::hash (20 bytes)
Event: 7324.610 Thread 0x000001b39f9e4000 nmethod 476 0x000001b38a099f90 code [0x000001b38a09a160, 0x000001b38a09a328]
Event: 7324.610 Thread 0x000001b39f9e4000  477       3       org.eclipse.jdt.launching.internal.org.objectweb.asm.SymbolTable$Entry::<init> (20 bytes)
Event: 7324.611 Thread 0x000001b39f9e4000 nmethod 477 0x000001b38a09a490 code [0x000001b38a09a640, 0x000001b38a09a7c8]
Event: 7324.617 Thread 0x000001b39f9e3000 nmethod 474 0x000001b391547090 code [0x000001b391547240, 0x000001b3915474a8]

GC Heap History (0 events):
No events

Deoptimization events (20 events):
Event: 0.700 Thread 0x000001b3ff30b800 DEOPT PACKING pc=0x000001b38a0686f8 sp=0x000000119b1fa910
Event: 0.700 Thread 0x000001b3ff30b800 DEOPT UNPACKING pc=0x000001b389aaa95e sp=0x000000119b1f9d78 mode 0
Event: 0.703 Thread 0x000001b3ff30b800 DEOPT PACKING pc=0x000001b38a0686f8 sp=0x000000119b1fbc90
Event: 0.703 Thread 0x000001b3ff30b800 DEOPT UNPACKING pc=0x000001b389aaa95e sp=0x000000119b1fb0f8 mode 0
Event: 0.707 Thread 0x000001b3ff30b800 DEOPT PACKING pc=0x000001b38a0686f8 sp=0x000000119b1fa890
Event: 0.707 Thread 0x000001b3ff30b800 DEOPT UNPACKING pc=0x000001b389aaa95e sp=0x000000119b1f9cf8 mode 0
Event: 0.711 Thread 0x000001b3ff30b800 DEOPT PACKING pc=0x000001b38a0686f8 sp=0x000000119b1fbbc0
Event: 0.711 Thread 0x000001b3ff30b800 DEOPT UNPACKING pc=0x000001b389aaa95e sp=0x000000119b1fb028 mode 0
Event: 0.712 Thread 0x000001b3ff30b800 Uncommon trap: trap_request=0xffffff4d fr.pc=0x000001b391529324 relative=0x0000000000000204
Event: 0.712 Thread 0x000001b3ff30b800 Uncommon trap: reason=unstable_if action=reinterpret pc=0x000001b391529324 method=java.lang.String.isLatin1()Z @ 10 c2
Event: 0.712 Thread 0x000001b3ff30b800 DEOPT PACKING pc=0x000001b391529324 sp=0x000000119b1fcca0
Event: 0.712 Thread 0x000001b3ff30b800 DEOPT UNPACKING pc=0x000001b389aaa1af sp=0x000000119b1fcbe0 mode 2
Event: 0.713 Thread 0x000001b3ff30b800 DEOPT PACKING pc=0x000001b38a0686f8 sp=0x000000119b1fbc90
Event: 0.713 Thread 0x000001b3ff30b800 DEOPT UNPACKING pc=0x000001b389aaa95e sp=0x000000119b1fb0f8 mode 0
Event: 0.720 Thread 0x000001b3ff30b800 DEOPT PACKING pc=0x000001b38a048316 sp=0x000000119b1fa6b0
Event: 0.720 Thread 0x000001b3ff30b800 DEOPT UNPACKING pc=0x000001b389aaa95e sp=0x000000119b1f9b48 mode 0
Event: 0.721 Thread 0x000001b3ff30b800 DEOPT PACKING pc=0x000001b38a0686f8 sp=0x000000119b1fa500
Event: 0.721 Thread 0x000001b3ff30b800 DEOPT UNPACKING pc=0x000001b389aaa95e sp=0x000000119b1f9968 mode 0
Event: 0.723 Thread 0x000001b3ff30b800 DEOPT PACKING pc=0x000001b38a0686f8 sp=0x000000119b1fa500
Event: 0.723 Thread 0x000001b3ff30b800 DEOPT UNPACKING pc=0x000001b389aaa95e sp=0x000000119b1f9968 mode 0

Classes redefined (6 events):
Event: 56.465 Thread 0x000001b39f982000 redefined class name=extend.Main, count=1
Event: 3258.555 Thread 0x000001b39f982000 redefined class name=extend.Main, count=2
Event: 7009.623 Thread 0x000001b39f982000 redefined class name=extend.Main, count=3
Event: 7062.849 Thread 0x000001b39f982000 redefined class name=extend.Main, count=4
Event: 7155.384 Thread 0x000001b39f982000 redefined class name=extend.Main, count=5
Event: 7324.609 Thread 0x000001b39f982000 redefined class name=extend.Main, count=6

Internal exceptions (0 events):
No events

Events (20 events):
Event: 7324.816 Executing VM operation: GetFrameCount done
Event: 7324.816 Executing VM operation: GetOwnedMonitorInfo
Event: 7324.816 Executing VM operation: GetOwnedMonitorInfo done
Event: 7324.816 Executing VM operation: GetCurrentContendedMonitor
Event: 7324.816 Executing VM operation: GetCurrentContendedMonitor done
Event: 7338.526 Executing VM operation: GetCurrentContendedMonitor
Event: 7338.526 Executing VM operation: GetCurrentContendedMonitor done
Event: 7338.527 Executing VM operation: GetOwnedMonitorInfo
Event: 7338.527 Executing VM operation: GetOwnedMonitorInfo done
Event: 7339.029 Executing VM operation: GetCurrentContendedMonitor
Event: 7339.029 Executing VM operation: GetCurrentContendedMonitor done
Event: 7339.029 Executing VM operation: GetOwnedMonitorInfo
Event: 7339.029 Executing VM operation: GetOwnedMonitorInfo done
Event: 7339.223 Executing VM operation: GetFrameCount
Event: 7339.223 Executing VM operation: GetFrameCount done
Event: 7339.224 Executing VM operation: GetOwnedMonitorInfo
Event: 7339.224 Executing VM operation: GetOwnedMonitorInfo done
Event: 7339.224 Executing VM operation: GetCurrentContendedMonitor
Event: 7339.224 Executing VM operation: GetCurrentContendedMonitor done
Event: 7344.287 Executing VM operation: GetOrSetLocal


Dynamic libraries:
0x00007ff7bd2c0000 - 0x00007ff7bd2cd000 	C:\Users\yumi1\Downloads\pleiades-2021-12-java-win-64bit-jre_20220106\pleiades\java\11\bin\javaw.exe
0x00007ff8f7f60000 - 0x00007ff8f8169000 	C:\WINDOWS\SYSTEM32\ntdll.dll
0x00007ff8f6190000 - 0x00007ff8f624d000 	C:\WINDOWS\System32\KERNEL32.DLL
0x00007ff8f59b0000 - 0x00007ff8f5d2d000 	C:\WINDOWS\System32\KERNELBASE.dll
0x00007ff8f5780000 - 0x00007ff8f5891000 	C:\WINDOWS\System32\ucrtbase.dll
0x00007ff8ec240000 - 0x00007ff8ec257000 	C:\Users\yumi1\Downloads\pleiades-2021-12-java-win-64bit-jre_20220106\pleiades\java\11\bin\jli.dll
0x00007ff8ec220000 - 0x00007ff8ec235000 	C:\Users\yumi1\Downloads\pleiades-2021-12-java-win-64bit-jre_20220106\pleiades\java\11\bin\VCRUNTIME140.dll
0x00007ff8f5e50000 - 0x00007ff8f5ffd000 	C:\WINDOWS\System32\USER32.dll
0x00007ff8f5440000 - 0x00007ff8f5466000 	C:\WINDOWS\System32\win32u.dll
0x00007ff8e3720000 - 0x00007ff8e39c5000 	C:\WINDOWS\WinSxS\amd64_microsoft.windows.common-controls_6595b64144ccf1df_6.0.22000.120_none_9d947278b86cc467\COMCTL32.dll
0x00007ff8f7330000 - 0x00007ff8f7359000 	C:\WINDOWS\System32\GDI32.dll
0x00007ff8f6a10000 - 0x00007ff8f6ab3000 	C:\WINDOWS\System32\msvcrt.dll
0x00007ff8f5470000 - 0x00007ff8f5588000 	C:\WINDOWS\System32\gdi32full.dll
0x00007ff8f5910000 - 0x00007ff8f59ad000 	C:\WINDOWS\System32\msvcp_win.dll
0x00007ff8f5e10000 - 0x00007ff8f5e41000 	C:\WINDOWS\System32\IMM32.DLL
0x00007ff8b41b0000 - 0x00007ff8b424b000 	C:\Users\yumi1\Downloads\pleiades-2021-12-java-win-64bit-jre_20220106\pleiades\java\11\bin\msvcp140.dll
0x00007ff8b3630000 - 0x00007ff8b41ae000 	C:\Users\yumi1\Downloads\pleiades-2021-12-java-win-64bit-jre_20220106\pleiades\java\11\bin\server\jvm.dll
0x00007ff8f7280000 - 0x00007ff8f732e000 	C:\WINDOWS\System32\ADVAPI32.dll
0x00007ff8f6250000 - 0x00007ff8f62ee000 	C:\WINDOWS\System32\sechost.dll
0x00007ff8f7760000 - 0x00007ff8f7880000 	C:\WINDOWS\System32\RPCRT4.dll
0x00007ff8f65b0000 - 0x00007ff8f65b8000 	C:\WINDOWS\System32\PSAPI.DLL
0x00007ff8e5120000 - 0x00007ff8e5129000 	C:\WINDOWS\SYSTEM32\WSOCK32.dll
0x00007ff8ebe70000 - 0x00007ff8ebea3000 	C:\WINDOWS\SYSTEM32\WINMM.dll
0x00007ff8f7880000 - 0x00007ff8f78ef000 	C:\WINDOWS\System32\WS2_32.dll
0x00007ff8e3d80000 - 0x00007ff8e3d8a000 	C:\WINDOWS\SYSTEM32\VERSION.dll
0x00007ff8f4540000 - 0x00007ff8f4558000 	C:\WINDOWS\SYSTEM32\kernel.appcore.dll
0x00007ff8ec210000 - 0x00007ff8ec220000 	C:\Users\yumi1\Downloads\pleiades-2021-12-java-win-64bit-jre_20220106\pleiades\java\11\bin\verify.dll
0x00007ff8f2ee0000 - 0x00007ff8f3101000 	C:\WINDOWS\SYSTEM32\DBGHELP.DLL
0x00007ff8d5b40000 - 0x00007ff8d5b71000 	C:\WINDOWS\SYSTEM32\dbgcore.DLL
0x00007ff8f5700000 - 0x00007ff8f577f000 	C:\WINDOWS\System32\bcryptPrimitives.dll
0x00007ff8ec1e0000 - 0x00007ff8ec208000 	C:\Users\yumi1\Downloads\pleiades-2021-12-java-win-64bit-jre_20220106\pleiades\java\11\bin\java.dll
0x00007ff8ec1d0000 - 0x00007ff8ec1da000 	C:\Users\yumi1\Downloads\pleiades-2021-12-java-win-64bit-jre_20220106\pleiades\java\11\bin\jimage.dll
0x00007ff8b35f0000 - 0x00007ff8b3628000 	C:\Users\yumi1\Downloads\pleiades-2021-12-java-win-64bit-jre_20220106\pleiades\java\11\bin\jdwp.dll
0x00007ff8e49e0000 - 0x00007ff8e49ee000 	C:\Users\yumi1\Downloads\pleiades-2021-12-java-win-64bit-jre_20220106\pleiades\java\11\bin\instrument.dll
0x00007ff8b35d0000 - 0x00007ff8b35e7000 	C:\Users\yumi1\Downloads\pleiades-2021-12-java-win-64bit-jre_20220106\pleiades\java\11\bin\zip.dll
0x00007ff8f6ac0000 - 0x00007ff8f7278000 	C:\WINDOWS\System32\SHELL32.dll
0x00007ff8f35b0000 - 0x00007ff8f3e18000 	C:\WINDOWS\SYSTEM32\windows.storage.dll
0x00007ff8f73e0000 - 0x00007ff8f7759000 	C:\WINDOWS\System32\combase.dll
0x00007ff8f3440000 - 0x00007ff8f35a6000 	C:\WINDOWS\SYSTEM32\wintypes.dll
0x00007ff8f7d60000 - 0x00007ff8f7e4a000 	C:\WINDOWS\System32\SHCORE.dll
0x00007ff8f7e60000 - 0x00007ff8f7ebd000 	C:\WINDOWS\System32\shlwapi.dll
0x00007ff8f5370000 - 0x00007ff8f5391000 	C:\WINDOWS\SYSTEM32\profapi.dll
0x00007ff8e4330000 - 0x00007ff8e433a000 	C:\Users\yumi1\Downloads\pleiades-2021-12-java-win-64bit-jre_20220106\pleiades\java\11\bin\dt_socket.dll
0x00007ff8f49e0000 - 0x00007ff8f4a47000 	C:\WINDOWS\System32\mswsock.dll
0x00007ff8f4130000 - 0x00007ff8f4218000 	C:\WINDOWS\SYSTEM32\DNSAPI.dll
0x00007ff8f40b0000 - 0x00007ff8f40dd000 	C:\WINDOWS\SYSTEM32\IPHLPAPI.DLL
0x00007ff8f69a0000 - 0x00007ff8f69a9000 	C:\WINDOWS\System32\NSI.dll
0x00007ff8e53f0000 - 0x00007ff8e5471000 	C:\WINDOWS\System32\fwpuclnt.dll
0x00007ff8e3fa0000 - 0x00007ff8e3faa000 	C:\Windows\System32\rasadhlp.dll
0x00007ff8b35b0000 - 0x00007ff8b35c9000 	C:\Users\yumi1\Downloads\pleiades-2021-12-java-win-64bit-jre_20220106\pleiades\java\11\bin\net.dll
0x00007ff8ec0a0000 - 0x00007ff8ec1ac000 	C:\WINDOWS\SYSTEM32\WINHTTP.dll
0x00007ff8b3590000 - 0x00007ff8b35a2000 	C:\Users\yumi1\Downloads\pleiades-2021-12-java-win-64bit-jre_20220106\pleiades\java\11\bin\nio.dll

dbghelp: loaded successfully - version: 4.0.5 - missing functions: none
symbol engine: initialized successfully - sym options: 0x614 - pdb path: .;C:\Users\yumi1\Downloads\pleiades-2021-12-java-win-64bit-jre_20220106\pleiades\java\11\bin;C:\WINDOWS\SYSTEM32;C:\WINDOWS\WinSxS\amd64_microsoft.windows.common-controls_6595b64144ccf1df_6.0.22000.120_none_9d947278b86cc467;C:\Users\yumi1\Downloads\pleiades-2021-12-java-win-64bit-jre_20220106\pleiades\java\11\bin\server

VM Arguments:
jvm_args: -agentlib:jdwp=transport=dt_socket,suspend=y,address=localhost:55834 -javaagent:C:\Users\yumi1\Downloads\pleiades-2021-12-java-win-64bit-jre_20220106\pleiades\eclipse\configuration\org.eclipse.osgi\418\0\.cp\lib\javaagent-shaded.jar -Dfile.encoding=UTF-8 
java_command: extend.Main
java_class_path (initial): C:\Users\yumi1\Downloads\pleiades-2021-12-java-win-64bit-jre_20220106\pleiades\workspace\RPG\bin
Launcher Type: SUN_STANDARD

[Global flags]
     intx CICompilerCount                          = 3                                         {product} {ergonomic}
     uint ConcGCThreads                            = 1                                         {product} {ergonomic}
     uint G1ConcRefinementThreads                  = 4                                         {product} {ergonomic}
   size_t G1HeapRegionSize                         = 1048576                                   {product} {ergonomic}
    uintx GCDrainStackTargetSize                   = 64                                        {product} {ergonomic}
   size_t InitialHeapSize                          = 132120576                                 {product} {ergonomic}
   size_t MarkStackSize                            = 4194304                                   {product} {ergonomic}
   size_t MaxHeapSize                              = 2097152000                                {product} {ergonomic}
   size_t MaxNewSize                               = 1258291200                                {product} {ergonomic}
   size_t MinHeapDeltaBytes                        = 1048576                                   {product} {ergonomic}
    uintx NonNMethodCodeHeapSize                   = 5830732                                {pd product} {ergonomic}
    uintx NonProfiledCodeHeapSize                  = 122913754                              {pd product} {ergonomic}
    uintx ProfiledCodeHeapSize                     = 122913754                              {pd product} {ergonomic}
    uintx ReservedCodeCacheSize                    = 251658240                              {pd product} {ergonomic}
     bool SegmentedCodeCache                       = true                                      {product} {ergonomic}
     bool UseCompressedClassPointers               = true                                 {lp64_product} {ergonomic}
     bool UseCompressedOops                        = true                                 {lp64_product} {ergonomic}
     bool UseG1GC                                  = true                                      {product} {ergonomic}
     bool UseLargePagesIndividualAllocation        = false                                  {pd product} {ergonomic}

Logging:
Log output configuration:
 #0: stdout all=warning uptime,level,tags
 #1: stderr all=off uptime,level,tags

Environment Variables:
PATH=C:/Users/yumi1/Downloads/pleiades-2021-12-java-win-64bit-jre_20220106/pleiades/eclipse/jre/bin/server;C:/Users/yumi1/Downloads/pleiades-2021-12-java-win-64bit-jre_20220106/pleiades/eclipse/jre/bin;C:\Program Files (x86)\Common Files\Apple\Apple Application Support;C:\WINDOWS\system32;C:\WINDOWS;C:\WINDOWS\System32\Wbem;C:\WINDOWS\System32\WindowsPowerShell\v1.0\;C:\WINDOWS\System32\OpenSSH\;C:\Program Files (x86)\Fujitsu\FJAgent\Core\bin;C:\Users\yumi1\AppData\Local\Microsoft\WindowsApps;;C:\Users\yumi1\Downloads\pleiades-2021-12-java-win-64bit-jre_20220106\pleiades\eclipse;
USERNAME=yumi1
OS=Windows_NT
PROCESSOR_IDENTIFIER=Intel64 Family 6 Model 142 Stepping 9, GenuineIntel



---------------  S Y S T E M  ---------------

OS: Windows 10 , 64 bit Build 22000 (10.0.22000.708)
OS uptime: 19 days 10:37 hours

CPU:total 4 (initial active 4) (2 cores per cpu, 2 threads per core) family 6 model 142 stepping 9 microcode 0xde, cmov, cx8, fxsr, mmx, sse, sse2, sse3, ssse3, sse4.1, sse4.2, popcnt, avx, avx2, aes, clmul, erms, 3dnowpref, lzcnt, ht, tsc, tscinvbit, bmi1, bmi2, adx, fma

Memory: 4k page, system-wide physical 7994M (2451M free)
TotalPageFile size 11675M (AvailPageFile size 2499M)
current process WorkingSet (physical memory assigned to process): 33M, peak: 49M
current process commit charge ("private bytes"): 199M, peak: 202M

vm_info: OpenJDK 64-Bit Server VM (11.0.13+8) for windows-amd64 JRE (11.0.13+8), built on Oct 19 2021 17:05:59 by "" with unknown MS VC++:1916

END.
